<?xml version="1.0" encoding="UTF-8"?>
<beans xmlns="http://www.springframework.org/schema/beans"
       xmlns:xsi="http://www.w3.org/2001/XMLSchema-instance"
       xmlns:context="http://www.springframework.org/schema/context"
       xmlns:util="http://www.springframework.org/schema/util"
       xsi:schemaLocation="http://www.springframework.org/schema/beans http://www.springframework.org/schema/beans/spring-beans-3.0.xsd
               http://www.springframework.org/schema/context http://www.springframework.org/schema/context/spring-context-3.0.xsd http://www.springframework.org/schema/util http://www.springframework.org/schema/util/spring-util.xsd">

    <import resource="classpath:applicationPlatformCommonAPI.xml"/>
    <util:properties id="drishti" location="classpath:/drishti.properties"/>

    <context:annotation-config/>
    <context:component-scan base-package="org.ei.drishti.repository"/>
    <context:component-scan base-package="org.ei.drishti.service.reporting.rules"/>

    <bean id="drishtiDatabaseConnector" class="org.ektorp.impl.StdCouchDbConnector">
        <constructor-arg value="drishti"/>
        <constructor-arg ref="couchDbInstance"/>
    </bean>

    <bean id="drishtiMCTSDatabaseConnector" class="org.ektorp.impl.StdCouchDbConnector">
        <constructor-arg value="drishti-mcts"/>
        <constructor-arg ref="couchDbInstance"/>
    </bean>
</beans>